<?xml version="1.0" encoding="UTF-8"?>
<testExecutions version="1">
  <file path="/Users/santosh/Documents/workspace/github/node-boilerplate/tests/unit-tests/middleware/error-handler.spec.ts">
    <testCase name="addErrorHandler should send encrypted error response" duration="4"/>
    <testCase name="addErrorHandler should call next if no error" duration="2"/>
    <testCase name="addErrorHandler should handle error without status" duration="5"/>
  </file>
  <file path="/Users/santosh/Documents/workspace/github/node-boilerplate/tests/unit-tests/lib/crypto.spec.ts">
    <testCase name="Crypto Lib (Encryption/Decryption) Testing for text" duration="6"/>
    <testCase name="Crypto Lib (Encryption/Decryption) Testing for array" duration="8"/>
    <testCase name="Crypto Lib (Encryption/Decryption) Testing for object" duration="3"/>
  </file>
  <file path="/Users/santosh/Documents/workspace/github/node-boilerplate/tests/unit-tests/utils/index.spec.ts">
    <testCase name="getEncryptedText should return input if encryption is not enabled" duration="9"/>
    <testCase name="getEncryptedText should return input if secret key is not provided" duration="0"/>
    <testCase name="getEncryptedText should return encrypted input if encryption is enabled and secret key is provided" duration="1"/>
    <testCase name="getEncryptedText should return encrypted string if input is already a string" duration="0"/>
  </file>
  <file path="/Users/santosh/Documents/workspace/github/node-boilerplate/tests/unit-tests/components/SystemStatusController.spec.ts">
    <testCase name="System Status Controller test getError method" duration="3"/>
    <testCase name="System Status Controller test getSystemInfo method" duration="3"/>
    <testCase name="System Status Controller test getSystemInfo method with updated env variables" duration="2"/>
    <testCase name="System Status Controller test getSystemInfo method with exception" duration="0"/>
    <testCase name="System Status Controller test getServerTime method" duration="3"/>
    <testCase name="System Status Controller test getServerTime method with exception" duration="0"/>
    <testCase name="System Status Controller test getResourceUsage method" duration="0"/>
    <testCase name="System Status Controller test getResourceUsage method with exception" duration="1"/>
    <testCase name="System Status Controller test getProcessInfo method" duration="0"/>
    <testCase name="System Status Controller test getProcessInfo method with exception" duration="0"/>
  </file>
  <file path="/Users/santosh/Documents/workspace/github/node-boilerplate/tests/integration-tests/app.integration.spec.ts">
    <testCase name="status integration tests can get default route success" duration="15"/>
    <testCase name="status integration tests can get default web route success" duration="2"/>
  </file>
  <file path="/Users/santosh/Documents/workspace/github/node-boilerplate/tests/integration-tests/status.integration.spec.ts">
    <testCase name="status integration tests can get server time" duration="15"/>
    <testCase name="status integration tests can get server system info" duration="4"/>
    <testCase name="status integration tests can get server system usage" duration="2"/>
    <testCase name="status integration tests can get server system process info" duration="1"/>
    <testCase name="status integration tests should get the error" duration="4"/>
  </file>
</testExecutions>